<?xml version="1.0" encoding="UTF-8"?>
<coverage generated="1575629287236" clover="3.2.0">
  <project timestamp="1575629287237" name="All files">
    <metrics statements="437" coveredstatements="23" conditionals="22682" coveredconditionals="4" methods="7167" coveredmethods="8" elements="30286" coveredelements="35" complexity="0" loc="437" ncloc="437" packages="8" files="78" classes="78"/>
    <package name="test2">
      <metrics statements="4" coveredstatements="0" conditionals="4" coveredconditionals="0" methods="0" coveredmethods="0"/>
      <file name="webpack.config.js" path="E:\_Work\Elixirator\test2\webpack.config.js">
        <metrics statements="4" coveredstatements="0" conditionals="4" coveredconditionals="0" methods="0" coveredmethods="0"/>
        <line num="3" count="0" type="cond" truecount="0" falsecount="2"/>
        <line num="5" count="0" type="cond" truecount="0" falsecount="2"/>
        <line num="6" count="0" type="stmt"/>
        <line num="8" count="0" type="stmt"/>
      </file>
    </package>
    <package name="test2.config">
      <metrics statements="41" coveredstatements="0" conditionals="14" coveredconditionals="0" methods="3" coveredmethods="0"/>
      <file name="helpers.js" path="E:\_Work\Elixirator\test2\config\helpers.js">
        <metrics statements="7" coveredstatements="0" conditionals="0" coveredconditionals="0" methods="2" coveredmethods="0"/>
        <line num="3" count="0" type="stmt"/>
        <line num="5" count="0" type="stmt"/>
        <line num="7" count="0" type="stmt"/>
        <line num="8" count="0" type="stmt"/>
        <line num="10" count="0" type="stmt"/>
        <line num="13" count="0" type="stmt"/>
        <line num="14" count="0" type="stmt"/>
      </file>
      <file name="webpack.config.common.js" path="E:\_Work\Elixirator\test2\config\webpack.config.common.js">
        <metrics statements="7" coveredstatements="0" conditionals="8" coveredconditionals="0" methods="0" coveredmethods="0"/>
        <line num="3" count="0" type="stmt"/>
        <line num="4" count="0" type="stmt"/>
        <line num="5" count="0" type="stmt"/>
        <line num="6" count="0" type="stmt"/>
        <line num="7" count="0" type="stmt"/>
        <line num="9" count="0" type="stmt"/>
        <line num="64" count="0" type="stmt"/>
      </file>
      <file name="webpack.config.dev.js" path="E:\_Work\Elixirator\test2\config\webpack.config.dev.js">
        <metrics statements="8" coveredstatements="0" conditionals="0" coveredconditionals="0" methods="0" coveredmethods="0"/>
        <line num="3" count="0" type="stmt"/>
        <line num="4" count="0" type="stmt"/>
        <line num="5" count="0" type="stmt"/>
        <line num="6" count="0" type="stmt"/>
        <line num="7" count="0" type="stmt"/>
        <line num="8" count="0" type="stmt"/>
        <line num="10" count="0" type="stmt"/>
        <line num="43" count="0" type="stmt"/>
      </file>
      <file name="webpack.config.prod.js" path="E:\_Work\Elixirator\test2\config\webpack.config.prod.js">
        <metrics statements="19" coveredstatements="0" conditionals="6" coveredconditionals="0" methods="1" coveredmethods="0"/>
        <line num="3" count="0" type="stmt"/>
        <line num="4" count="0" type="stmt"/>
        <line num="5" count="0" type="stmt"/>
        <line num="6" count="0" type="stmt"/>
        <line num="7" count="0" type="stmt"/>
        <line num="8" count="0" type="stmt"/>
        <line num="9" count="0" type="stmt"/>
        <line num="10" count="0" type="stmt"/>
        <line num="11" count="0" type="stmt"/>
        <line num="12" count="0" type="cond" truecount="0" falsecount="2"/>
        <line num="14" count="0" type="stmt"/>
        <line num="44" count="0" type="stmt"/>
        <line num="45" count="0" type="stmt"/>
        <line num="74" count="0" type="cond" truecount="0" falsecount="2"/>
        <line num="75" count="0" type="stmt"/>
        <line num="77" count="0" type="cond" truecount="0" falsecount="2"/>
        <line num="78" count="0" type="stmt"/>
        <line num="79" count="0" type="stmt"/>
        <line num="83" count="0" type="stmt"/>
      </file>
    </package>
    <package name="test2.config.env">
      <metrics statements="3" coveredstatements="0" conditionals="0" coveredconditionals="0" methods="0" coveredmethods="0"/>
      <file name="dev.env.js" path="E:\_Work\Elixirator\test2\config\env\dev.env.js">
        <metrics statements="1" coveredstatements="0" conditionals="0" coveredconditionals="0" methods="0" coveredmethods="0"/>
        <line num="1" count="0" type="stmt"/>
      </file>
      <file name="prod.env.js" path="E:\_Work\Elixirator\test2\config\env\prod.env.js">
        <metrics statements="1" coveredstatements="0" conditionals="0" coveredconditionals="0" methods="0" coveredmethods="0"/>
        <line num="1" count="0" type="stmt"/>
      </file>
      <file name="staging.env.js" path="E:\_Work\Elixirator\test2\config\env\staging.env.js">
        <metrics statements="1" coveredstatements="0" conditionals="0" coveredconditionals="0" methods="0" coveredmethods="0"/>
        <line num="1" count="0" type="stmt"/>
      </file>
    </package>
    <package name="test2.coverage.lcov-report">
      <metrics statements="106" coveredstatements="0" conditionals="323" coveredconditionals="0" methods="52" coveredmethods="0"/>
      <file name="block-navigation.js" path="E:\_Work\Elixirator\test2\coverage\lcov-report\block-navigation.js">
        <metrics statements="28" coveredstatements="0" conditionals="15" coveredconditionals="0" methods="6" coveredmethods="0"/>
        <line num="2" count="0" type="stmt"/>
        <line num="4" count="0" type="stmt"/>
        <line num="7" count="0" type="stmt"/>
        <line num="10" count="0" type="stmt"/>
        <line num="14" count="0" type="stmt"/>
        <line num="20" count="0" type="stmt"/>
        <line num="25" count="0" type="stmt"/>
        <line num="28" count="0" type="stmt"/>
        <line num="32" count="0" type="stmt"/>
        <line num="33" count="0" type="stmt"/>
        <line num="34" count="0" type="stmt"/>
        <line num="42" count="0" type="stmt"/>
        <line num="43" count="0" type="cond" truecount="0" falsecount="4"/>
        <line num="44" count="0" type="stmt"/>
        <line num="45" count="0" type="cond" truecount="0" falsecount="2"/>
        <line num="46" count="0" type="stmt"/>
        <line num="49" count="0" type="stmt"/>
        <line num="53" count="0" type="stmt"/>
        <line num="55" count="0" type="cond" truecount="0" falsecount="2"/>
        <line num="59" count="0" type="stmt"/>
        <line num="62" count="0" type="stmt"/>
        <line num="65" count="0" type="stmt"/>
        <line num="66" count="0" type="cond" truecount="0" falsecount="5"/>
        <line num="69" count="0" type="stmt"/>
        <line num="70" count="0" type="stmt"/>
        <line num="74" count="0" type="stmt"/>
        <line num="75" count="0" type="stmt"/>
        <line num="79" count="0" type="stmt"/>
      </file>
      <file name="prettify.js" path="E:\_Work\Elixirator\test2\coverage\lcov-report\prettify.js">
        <metrics statements="1" coveredstatements="0" conditionals="286" coveredconditionals="0" methods="29" coveredmethods="0"/>
        <line num="2" count="0" type="cond" truecount="0" falsecount="286"/>
      </file>
      <file name="sorter.js" path="E:\_Work\Elixirator\test2\coverage\lcov-report\sorter.js">
        <metrics statements="77" coveredstatements="0" conditionals="22" coveredconditionals="0" methods="17" coveredmethods="0"/>
        <line num="2" count="0" type="stmt"/>
        <line num="5" count="0" type="stmt"/>
        <line num="12" count="0" type="stmt"/>
        <line num="16" count="0" type="stmt"/>
        <line num="20" count="0" type="stmt"/>
        <line num="24" count="0" type="stmt"/>
        <line num="29" count="0" type="stmt"/>
        <line num="31" count="0" type="stmt"/>
        <line num="35" count="0" type="stmt"/>
        <line num="36" count="0" type="stmt"/>
        <line num="37" count="0" type="stmt"/>
        <line num="42" count="0" type="stmt"/>
        <line num="43" count="0" type="cond" truecount="0" falsecount="2"/>
        <line num="44" count="0" type="stmt"/>
        <line num="45" count="0" type="stmt"/>
        <line num="49" count="0" type="stmt"/>
        <line num="54" count="0" type="stmt"/>
        <line num="57" count="0" type="stmt"/>
        <line num="60" count="0" type="stmt"/>
        <line num="61" count="0" type="stmt"/>
        <line num="62" count="0" type="stmt"/>
        <line num="63" count="0" type="stmt"/>
        <line num="64" count="0" type="cond" truecount="0" falsecount="2"/>
        <line num="65" count="0" type="stmt"/>
        <line num="67" count="0" type="stmt"/>
        <line num="69" count="0" type="stmt"/>
        <line num="73" count="0" type="stmt"/>
        <line num="76" count="0" type="stmt"/>
        <line num="77" count="0" type="stmt"/>
        <line num="82" count="0" type="stmt"/>
        <line num="83" count="0" type="stmt"/>
        <line num="84" count="0" type="stmt"/>
        <line num="85" count="0" type="stmt"/>
        <line num="86" count="0" type="cond" truecount="0" falsecount="4"/>
        <line num="88" count="0" type="stmt"/>
        <line num="89" count="0" type="stmt"/>
        <line num="90" count="0" type="stmt"/>
        <line num="91" count="0" type="stmt"/>
        <line num="94" count="0" type="cond" truecount="0" falsecount="2"/>
        <line num="95" count="0" type="stmt"/>
        <line num="96" count="0" type="stmt"/>
        <line num="100" count="0" type="stmt"/>
        <line num="101" count="0" type="stmt"/>
        <line num="102" count="0" type="stmt"/>
        <line num="105" count="0" type="stmt"/>
        <line num="107" count="0" type="stmt"/>
        <line num="108" count="0" type="stmt"/>
        <line num="113" count="0" type="stmt"/>
        <line num="114" count="0" type="stmt"/>
        <line num="116" count="0" type="stmt"/>
        <line num="117" count="0" type="stmt"/>
        <line num="121" count="0" type="cond" truecount="0" falsecount="2"/>
        <line num="129" count="0" type="stmt"/>
        <line num="130" count="0" type="stmt"/>
        <line num="132" count="0" type="stmt"/>
        <line num="133" count="0" type="stmt"/>
        <line num="135" count="0" type="cond" truecount="0" falsecount="2"/>
        <line num="136" count="0" type="stmt"/>
        <line num="138" count="0" type="stmt"/>
        <line num="139" count="0" type="stmt"/>
        <line num="140" count="0" type="stmt"/>
        <line num="141" count="0" type="stmt"/>
        <line num="142" count="0" type="stmt"/>
        <line num="145" count="0" type="stmt"/>
        <line num="146" count="0" type="cond" truecount="0" falsecount="2"/>
        <line num="149" count="0" type="stmt"/>
        <line num="150" count="0" type="cond" truecount="0" falsecount="2"/>
        <line num="151" count="0" type="stmt"/>
        <line num="153" count="0" type="stmt"/>
        <line num="159" count="0" type="stmt"/>
        <line num="160" count="0" type="cond" truecount="0" falsecount="2"/>
        <line num="161" count="0" type="stmt"/>
        <line num="163" count="0" type="stmt"/>
        <line num="164" count="0" type="stmt"/>
        <line num="165" count="0" type="stmt"/>
        <line num="166" count="0" type="stmt"/>
        <line num="170" count="0" type="stmt"/>
      </file>
    </package>
    <package name="test2.dist.js">
      <metrics statements="64" coveredstatements="0" conditionals="22283" coveredconditionals="0" methods="7052" coveredmethods="0"/>
      <file name="0.61a22ae75f3629ad2c26.chunk.js" path="E:\_Work\Elixirator\test2\dist\js\0.61a22ae75f3629ad2c26.chunk.js">
        <metrics statements="1" coveredstatements="0" conditionals="6" coveredconditionals="0" methods="2" coveredmethods="0"/>
        <line num="1" count="0" type="cond" truecount="0" falsecount="6"/>
      </file>
      <file name="0.a29fb3e85ffff5f70ce6.chunk.js" path="E:\_Work\Elixirator\test2\dist\js\0.a29fb3e85ffff5f70ce6.chunk.js">
        <metrics statements="1" coveredstatements="0" conditionals="6" coveredconditionals="0" methods="2" coveredmethods="0"/>
        <line num="1" count="0" type="cond" truecount="0" falsecount="6"/>
      </file>
      <file name="0.e46945e65dc8b15c179e.chunk.js" path="E:\_Work\Elixirator\test2\dist\js\0.e46945e65dc8b15c179e.chunk.js">
        <metrics statements="1" coveredstatements="0" conditionals="6" coveredconditionals="0" methods="2" coveredmethods="0"/>
        <line num="1" count="0" type="cond" truecount="0" falsecount="6"/>
      </file>
      <file name="0.fa8c9953f064f849414d.chunk.js" path="E:\_Work\Elixirator\test2\dist\js\0.fa8c9953f064f849414d.chunk.js">
        <metrics statements="1" coveredstatements="0" conditionals="6" coveredconditionals="0" methods="2" coveredmethods="0"/>
        <line num="1" count="0" type="cond" truecount="0" falsecount="6"/>
      </file>
      <file name="10.61a22ae75f3629ad2c26.chunk.js" path="E:\_Work\Elixirator\test2\dist\js\10.61a22ae75f3629ad2c26.chunk.js">
        <metrics statements="1" coveredstatements="0" conditionals="36" coveredconditionals="0" methods="6" coveredmethods="0"/>
        <line num="1" count="0" type="cond" truecount="0" falsecount="36"/>
      </file>
      <file name="10.a29fb3e85ffff5f70ce6.chunk.js" path="E:\_Work\Elixirator\test2\dist\js\10.a29fb3e85ffff5f70ce6.chunk.js">
        <metrics statements="1" coveredstatements="0" conditionals="36" coveredconditionals="0" methods="6" coveredmethods="0"/>
        <line num="1" count="0" type="cond" truecount="0" falsecount="36"/>
      </file>
      <file name="10.e46945e65dc8b15c179e.chunk.js" path="E:\_Work\Elixirator\test2\dist\js\10.e46945e65dc8b15c179e.chunk.js">
        <metrics statements="1" coveredstatements="0" conditionals="36" coveredconditionals="0" methods="6" coveredmethods="0"/>
        <line num="1" count="0" type="cond" truecount="0" falsecount="36"/>
      </file>
      <file name="10.fa8c9953f064f849414d.chunk.js" path="E:\_Work\Elixirator\test2\dist\js\10.fa8c9953f064f849414d.chunk.js">
        <metrics statements="1" coveredstatements="0" conditionals="36" coveredconditionals="0" methods="6" coveredmethods="0"/>
        <line num="1" count="0" type="cond" truecount="0" falsecount="36"/>
      </file>
      <file name="11.61a22ae75f3629ad2c26.chunk.js" path="E:\_Work\Elixirator\test2\dist\js\11.61a22ae75f3629ad2c26.chunk.js">
        <metrics statements="2" coveredstatements="0" conditionals="775" coveredconditionals="0" methods="219" coveredmethods="0"/>
        <line num="1" count="0" type="cond" truecount="0" falsecount="2"/>
        <line num="6" count="0" type="cond" truecount="0" falsecount="773"/>
      </file>
      <file name="11.a29fb3e85ffff5f70ce6.chunk.js" path="E:\_Work\Elixirator\test2\dist\js\11.a29fb3e85ffff5f70ce6.chunk.js">
        <metrics statements="2" coveredstatements="0" conditionals="775" coveredconditionals="0" methods="219" coveredmethods="0"/>
        <line num="1" count="0" type="cond" truecount="0" falsecount="2"/>
        <line num="6" count="0" type="cond" truecount="0" falsecount="773"/>
      </file>
      <file name="11.e46945e65dc8b15c179e.chunk.js" path="E:\_Work\Elixirator\test2\dist\js\11.e46945e65dc8b15c179e.chunk.js">
        <metrics statements="2" coveredstatements="0" conditionals="775" coveredconditionals="0" methods="219" coveredmethods="0"/>
        <line num="1" count="0" type="cond" truecount="0" falsecount="2"/>
        <line num="6" count="0" type="cond" truecount="0" falsecount="773"/>
      </file>
      <file name="11.fa8c9953f064f849414d.chunk.js" path="E:\_Work\Elixirator\test2\dist\js\11.fa8c9953f064f849414d.chunk.js">
        <metrics statements="2" coveredstatements="0" conditionals="775" coveredconditionals="0" methods="219" coveredmethods="0"/>
        <line num="1" count="0" type="cond" truecount="0" falsecount="2"/>
        <line num="6" count="0" type="cond" truecount="0" falsecount="773"/>
      </file>
      <file name="12.61a22ae75f3629ad2c26.chunk.js" path="E:\_Work\Elixirator\test2\dist\js\12.61a22ae75f3629ad2c26.chunk.js">
        <metrics statements="1" coveredstatements="0" conditionals="2" coveredconditionals="0" methods="0" coveredmethods="0"/>
        <line num="1" count="0" type="cond" truecount="0" falsecount="2"/>
      </file>
      <file name="12.a29fb3e85ffff5f70ce6.chunk.js" path="E:\_Work\Elixirator\test2\dist\js\12.a29fb3e85ffff5f70ce6.chunk.js">
        <metrics statements="1" coveredstatements="0" conditionals="2" coveredconditionals="0" methods="0" coveredmethods="0"/>
        <line num="1" count="0" type="cond" truecount="0" falsecount="2"/>
      </file>
      <file name="12.e46945e65dc8b15c179e.chunk.js" path="E:\_Work\Elixirator\test2\dist\js\12.e46945e65dc8b15c179e.chunk.js">
        <metrics statements="1" coveredstatements="0" conditionals="2" coveredconditionals="0" methods="0" coveredmethods="0"/>
        <line num="1" count="0" type="cond" truecount="0" falsecount="2"/>
      </file>
      <file name="12.fa8c9953f064f849414d.chunk.js" path="E:\_Work\Elixirator\test2\dist\js\12.fa8c9953f064f849414d.chunk.js">
        <metrics statements="1" coveredstatements="0" conditionals="2" coveredconditionals="0" methods="0" coveredmethods="0"/>
        <line num="1" count="0" type="cond" truecount="0" falsecount="2"/>
      </file>
      <file name="13.61a22ae75f3629ad2c26.chunk.js" path="E:\_Work\Elixirator\test2\dist\js\13.61a22ae75f3629ad2c26.chunk.js">
        <metrics statements="1" coveredstatements="0" conditionals="8" coveredconditionals="0" methods="10" coveredmethods="0"/>
        <line num="1" count="0" type="cond" truecount="0" falsecount="8"/>
      </file>
      <file name="13.a29fb3e85ffff5f70ce6.chunk.js" path="E:\_Work\Elixirator\test2\dist\js\13.a29fb3e85ffff5f70ce6.chunk.js">
        <metrics statements="1" coveredstatements="0" conditionals="8" coveredconditionals="0" methods="10" coveredmethods="0"/>
        <line num="1" count="0" type="cond" truecount="0" falsecount="8"/>
      </file>
      <file name="13.e46945e65dc8b15c179e.chunk.js" path="E:\_Work\Elixirator\test2\dist\js\13.e46945e65dc8b15c179e.chunk.js">
        <metrics statements="1" coveredstatements="0" conditionals="4" coveredconditionals="0" methods="5" coveredmethods="0"/>
        <line num="1" count="0" type="cond" truecount="0" falsecount="4"/>
      </file>
      <file name="13.fa8c9953f064f849414d.chunk.js" path="E:\_Work\Elixirator\test2\dist\js\13.fa8c9953f064f849414d.chunk.js">
        <metrics statements="1" coveredstatements="0" conditionals="8" coveredconditionals="0" methods="10" coveredmethods="0"/>
        <line num="1" count="0" type="cond" truecount="0" falsecount="8"/>
      </file>
      <file name="2.61a22ae75f3629ad2c26.chunk.js" path="E:\_Work\Elixirator\test2\dist\js\2.61a22ae75f3629ad2c26.chunk.js">
        <metrics statements="1" coveredstatements="0" conditionals="99" coveredconditionals="0" methods="75" coveredmethods="0"/>
        <line num="1" count="0" type="cond" truecount="0" falsecount="99"/>
      </file>
      <file name="2.a29fb3e85ffff5f70ce6.chunk.js" path="E:\_Work\Elixirator\test2\dist\js\2.a29fb3e85ffff5f70ce6.chunk.js">
        <metrics statements="1" coveredstatements="0" conditionals="103" coveredconditionals="0" methods="92" coveredmethods="0"/>
        <line num="1" count="0" type="cond" truecount="0" falsecount="103"/>
      </file>
      <file name="2.e46945e65dc8b15c179e.chunk.js" path="E:\_Work\Elixirator\test2\dist\js\2.e46945e65dc8b15c179e.chunk.js">
        <metrics statements="1" coveredstatements="0" conditionals="6" coveredconditionals="0" methods="7" coveredmethods="0"/>
        <line num="1" count="0" type="cond" truecount="0" falsecount="6"/>
      </file>
      <file name="2.fa8c9953f064f849414d.chunk.js" path="E:\_Work\Elixirator\test2\dist\js\2.fa8c9953f064f849414d.chunk.js">
        <metrics statements="1" coveredstatements="0" conditionals="103" coveredconditionals="0" methods="92" coveredmethods="0"/>
        <line num="1" count="0" type="cond" truecount="0" falsecount="103"/>
      </file>
      <file name="3.61a22ae75f3629ad2c26.chunk.js" path="E:\_Work\Elixirator\test2\dist\js\3.61a22ae75f3629ad2c26.chunk.js">
        <metrics statements="1" coveredstatements="0" conditionals="6" coveredconditionals="0" methods="2" coveredmethods="0"/>
        <line num="1" count="0" type="cond" truecount="0" falsecount="6"/>
      </file>
      <file name="3.a29fb3e85ffff5f70ce6.chunk.js" path="E:\_Work\Elixirator\test2\dist\js\3.a29fb3e85ffff5f70ce6.chunk.js">
        <metrics statements="1" coveredstatements="0" conditionals="6" coveredconditionals="0" methods="2" coveredmethods="0"/>
        <line num="1" count="0" type="cond" truecount="0" falsecount="6"/>
      </file>
      <file name="3.e46945e65dc8b15c179e.chunk.js" path="E:\_Work\Elixirator\test2\dist\js\3.e46945e65dc8b15c179e.chunk.js">
        <metrics statements="1" coveredstatements="0" conditionals="6" coveredconditionals="0" methods="2" coveredmethods="0"/>
        <line num="1" count="0" type="cond" truecount="0" falsecount="6"/>
      </file>
      <file name="3.fa8c9953f064f849414d.chunk.js" path="E:\_Work\Elixirator\test2\dist\js\3.fa8c9953f064f849414d.chunk.js">
        <metrics statements="1" coveredstatements="0" conditionals="6" coveredconditionals="0" methods="2" coveredmethods="0"/>
        <line num="1" count="0" type="cond" truecount="0" falsecount="6"/>
      </file>
      <file name="4.61a22ae75f3629ad2c26.chunk.js" path="E:\_Work\Elixirator\test2\dist\js\4.61a22ae75f3629ad2c26.chunk.js">
        <metrics statements="1" coveredstatements="0" conditionals="1977" coveredconditionals="0" methods="880" coveredmethods="0"/>
        <line num="1" count="0" type="cond" truecount="0" falsecount="1977"/>
      </file>
      <file name="4.a29fb3e85ffff5f70ce6.chunk.js" path="E:\_Work\Elixirator\test2\dist\js\4.a29fb3e85ffff5f70ce6.chunk.js">
        <metrics statements="1" coveredstatements="0" conditionals="1977" coveredconditionals="0" methods="880" coveredmethods="0"/>
        <line num="1" count="0" type="cond" truecount="0" falsecount="1977"/>
      </file>
      <file name="4.e46945e65dc8b15c179e.chunk.js" path="E:\_Work\Elixirator\test2\dist\js\4.e46945e65dc8b15c179e.chunk.js">
        <metrics statements="1" coveredstatements="0" conditionals="1977" coveredconditionals="0" methods="880" coveredmethods="0"/>
        <line num="1" count="0" type="cond" truecount="0" falsecount="1977"/>
      </file>
      <file name="4.fa8c9953f064f849414d.chunk.js" path="E:\_Work\Elixirator\test2\dist\js\4.fa8c9953f064f849414d.chunk.js">
        <metrics statements="1" coveredstatements="0" conditionals="1977" coveredconditionals="0" methods="880" coveredmethods="0"/>
        <line num="1" count="0" type="cond" truecount="0" falsecount="1977"/>
      </file>
      <file name="5.61a22ae75f3629ad2c26.chunk.js" path="E:\_Work\Elixirator\test2\dist\js\5.61a22ae75f3629ad2c26.chunk.js">
        <metrics statements="1" coveredstatements="0" conditionals="36" coveredconditionals="0" methods="17" coveredmethods="0"/>
        <line num="1" count="0" type="cond" truecount="0" falsecount="36"/>
      </file>
      <file name="5.a29fb3e85ffff5f70ce6.chunk.js" path="E:\_Work\Elixirator\test2\dist\js\5.a29fb3e85ffff5f70ce6.chunk.js">
        <metrics statements="1" coveredstatements="0" conditionals="36" coveredconditionals="0" methods="17" coveredmethods="0"/>
        <line num="1" count="0" type="cond" truecount="0" falsecount="36"/>
      </file>
      <file name="5.e46945e65dc8b15c179e.chunk.js" path="E:\_Work\Elixirator\test2\dist\js\5.e46945e65dc8b15c179e.chunk.js">
        <metrics statements="1" coveredstatements="0" conditionals="36" coveredconditionals="0" methods="17" coveredmethods="0"/>
        <line num="1" count="0" type="cond" truecount="0" falsecount="36"/>
      </file>
      <file name="5.fa8c9953f064f849414d.chunk.js" path="E:\_Work\Elixirator\test2\dist\js\5.fa8c9953f064f849414d.chunk.js">
        <metrics statements="1" coveredstatements="0" conditionals="36" coveredconditionals="0" methods="17" coveredmethods="0"/>
        <line num="1" count="0" type="cond" truecount="0" falsecount="36"/>
      </file>
      <file name="6.61a22ae75f3629ad2c26.chunk.js" path="E:\_Work\Elixirator\test2\dist\js\6.61a22ae75f3629ad2c26.chunk.js">
        <metrics statements="1" coveredstatements="0" conditionals="185" coveredconditionals="0" methods="49" coveredmethods="0"/>
        <line num="1" count="0" type="cond" truecount="0" falsecount="185"/>
      </file>
      <file name="6.a29fb3e85ffff5f70ce6.chunk.js" path="E:\_Work\Elixirator\test2\dist\js\6.a29fb3e85ffff5f70ce6.chunk.js">
        <metrics statements="1" coveredstatements="0" conditionals="185" coveredconditionals="0" methods="49" coveredmethods="0"/>
        <line num="1" count="0" type="cond" truecount="0" falsecount="185"/>
      </file>
      <file name="6.e46945e65dc8b15c179e.chunk.js" path="E:\_Work\Elixirator\test2\dist\js\6.e46945e65dc8b15c179e.chunk.js">
        <metrics statements="1" coveredstatements="0" conditionals="185" coveredconditionals="0" methods="49" coveredmethods="0"/>
        <line num="1" count="0" type="cond" truecount="0" falsecount="185"/>
      </file>
      <file name="6.fa8c9953f064f849414d.chunk.js" path="E:\_Work\Elixirator\test2\dist\js\6.fa8c9953f064f849414d.chunk.js">
        <metrics statements="1" coveredstatements="0" conditionals="185" coveredconditionals="0" methods="49" coveredmethods="0"/>
        <line num="1" count="0" type="cond" truecount="0" falsecount="185"/>
      </file>
      <file name="61a22ae75f3629ad2c26.js" path="E:\_Work\Elixirator\test2\dist\js\61a22ae75f3629ad2c26.js">
        <metrics statements="1" coveredstatements="0" conditionals="56" coveredconditionals="0" methods="18" coveredmethods="0"/>
        <line num="1" count="0" type="cond" truecount="0" falsecount="56"/>
      </file>
      <file name="7.61a22ae75f3629ad2c26.chunk.js" path="E:\_Work\Elixirator\test2\dist\js\7.61a22ae75f3629ad2c26.chunk.js">
        <metrics statements="1" coveredstatements="0" conditionals="45" coveredconditionals="0" methods="21" coveredmethods="0"/>
        <line num="1" count="0" type="cond" truecount="0" falsecount="45"/>
      </file>
      <file name="7.a29fb3e85ffff5f70ce6.chunk.js" path="E:\_Work\Elixirator\test2\dist\js\7.a29fb3e85ffff5f70ce6.chunk.js">
        <metrics statements="1" coveredstatements="0" conditionals="45" coveredconditionals="0" methods="21" coveredmethods="0"/>
        <line num="1" count="0" type="cond" truecount="0" falsecount="45"/>
      </file>
      <file name="7.e46945e65dc8b15c179e.chunk.js" path="E:\_Work\Elixirator\test2\dist\js\7.e46945e65dc8b15c179e.chunk.js">
        <metrics statements="1" coveredstatements="0" conditionals="45" coveredconditionals="0" methods="21" coveredmethods="0"/>
        <line num="1" count="0" type="cond" truecount="0" falsecount="45"/>
      </file>
      <file name="7.fa8c9953f064f849414d.chunk.js" path="E:\_Work\Elixirator\test2\dist\js\7.fa8c9953f064f849414d.chunk.js">
        <metrics statements="1" coveredstatements="0" conditionals="45" coveredconditionals="0" methods="21" coveredmethods="0"/>
        <line num="1" count="0" type="cond" truecount="0" falsecount="45"/>
      </file>
      <file name="8.61a22ae75f3629ad2c26.chunk.js" path="E:\_Work\Elixirator\test2\dist\js\8.61a22ae75f3629ad2c26.chunk.js">
        <metrics statements="1" coveredstatements="0" conditionals="25" coveredconditionals="0" methods="12" coveredmethods="0"/>
        <line num="1" count="0" type="cond" truecount="0" falsecount="25"/>
      </file>
      <file name="8.a29fb3e85ffff5f70ce6.chunk.js" path="E:\_Work\Elixirator\test2\dist\js\8.a29fb3e85ffff5f70ce6.chunk.js">
        <metrics statements="1" coveredstatements="0" conditionals="25" coveredconditionals="0" methods="12" coveredmethods="0"/>
        <line num="1" count="0" type="cond" truecount="0" falsecount="25"/>
      </file>
      <file name="8.e46945e65dc8b15c179e.chunk.js" path="E:\_Work\Elixirator\test2\dist\js\8.e46945e65dc8b15c179e.chunk.js">
        <metrics statements="1" coveredstatements="0" conditionals="25" coveredconditionals="0" methods="12" coveredmethods="0"/>
        <line num="1" count="0" type="cond" truecount="0" falsecount="25"/>
      </file>
      <file name="8.fa8c9953f064f849414d.chunk.js" path="E:\_Work\Elixirator\test2\dist\js\8.fa8c9953f064f849414d.chunk.js">
        <metrics statements="1" coveredstatements="0" conditionals="25" coveredconditionals="0" methods="12" coveredmethods="0"/>
        <line num="1" count="0" type="cond" truecount="0" falsecount="25"/>
      </file>
      <file name="9.61a22ae75f3629ad2c26.chunk.js" path="E:\_Work\Elixirator\test2\dist\js\9.61a22ae75f3629ad2c26.chunk.js">
        <metrics statements="2" coveredstatements="0" conditionals="2332" coveredconditionals="0" methods="461" coveredmethods="0"/>
        <line num="1" count="0" type="cond" truecount="0" falsecount="2"/>
        <line num="7" count="0" type="cond" truecount="0" falsecount="2330"/>
      </file>
      <file name="9.a29fb3e85ffff5f70ce6.chunk.js" path="E:\_Work\Elixirator\test2\dist\js\9.a29fb3e85ffff5f70ce6.chunk.js">
        <metrics statements="2" coveredstatements="0" conditionals="2332" coveredconditionals="0" methods="461" coveredmethods="0"/>
        <line num="1" count="0" type="cond" truecount="0" falsecount="2"/>
        <line num="7" count="0" type="cond" truecount="0" falsecount="2330"/>
      </file>
      <file name="9.e46945e65dc8b15c179e.chunk.js" path="E:\_Work\Elixirator\test2\dist\js\9.e46945e65dc8b15c179e.chunk.js">
        <metrics statements="2" coveredstatements="0" conditionals="2332" coveredconditionals="0" methods="461" coveredmethods="0"/>
        <line num="1" count="0" type="cond" truecount="0" falsecount="2"/>
        <line num="7" count="0" type="cond" truecount="0" falsecount="2330"/>
      </file>
      <file name="9.fa8c9953f064f849414d.chunk.js" path="E:\_Work\Elixirator\test2\dist\js\9.fa8c9953f064f849414d.chunk.js">
        <metrics statements="2" coveredstatements="0" conditionals="2332" coveredconditionals="0" methods="461" coveredmethods="0"/>
        <line num="1" count="0" type="cond" truecount="0" falsecount="2"/>
        <line num="7" count="0" type="cond" truecount="0" falsecount="2330"/>
      </file>
      <file name="a29fb3e85ffff5f70ce6.js" path="E:\_Work\Elixirator\test2\dist\js\a29fb3e85ffff5f70ce6.js">
        <metrics statements="1" coveredstatements="0" conditionals="56" coveredconditionals="0" methods="18" coveredmethods="0"/>
        <line num="1" count="0" type="cond" truecount="0" falsecount="56"/>
      </file>
      <file name="e46945e65dc8b15c179e.js" path="E:\_Work\Elixirator\test2\dist\js\e46945e65dc8b15c179e.js">
        <metrics statements="1" coveredstatements="0" conditionals="76" coveredconditionals="0" methods="21" coveredmethods="0"/>
        <line num="1" count="0" type="cond" truecount="0" falsecount="76"/>
      </file>
      <file name="fa8c9953f064f849414d.js" path="E:\_Work\Elixirator\test2\dist\js\fa8c9953f064f849414d.js">
        <metrics statements="1" coveredstatements="0" conditionals="56" coveredconditionals="0" methods="18" coveredmethods="0"/>
        <line num="1" count="0" type="cond" truecount="0" falsecount="56"/>
      </file>
    </package>
    <package name="test2.src">
      <metrics statements="6" coveredstatements="0" conditionals="0" coveredconditionals="0" methods="2" coveredmethods="0"/>
      <file name="main.js" path="E:\_Work\Elixirator\test2\src\main.js">
        <metrics statements="4" coveredstatements="0" conditionals="0" coveredconditionals="0" methods="1" coveredmethods="0"/>
        <line num="9" count="0" type="stmt"/>
        <line num="12" count="0" type="stmt"/>
        <line num="18" count="0" type="stmt"/>
        <line num="20" count="0" type="stmt"/>
      </file>
      <file name="routes.js" path="E:\_Work\Elixirator\test2\src\routes.js">
        <metrics statements="2" coveredstatements="0" conditionals="0" coveredconditionals="0" methods="1" coveredmethods="0"/>
        <line num="2" count="0" type="stmt"/>
        <line num="7" count="0" type="stmt"/>
      </file>
    </package>
    <package name="test2.src.components">
      <metrics statements="203" coveredstatements="23" conditionals="58" coveredconditionals="4" methods="53" coveredmethods="8"/>
      <file name="AppAbout.vue" path="E:\_Work\Elixirator\test2\src\components\AppAbout.vue">
        <metrics statements="3" coveredstatements="0" conditionals="0" coveredconditionals="0" methods="2" coveredmethods="0"/>
        <line num="19" count="0" type="stmt"/>
        <line num="27" count="0" type="stmt"/>
        <line num="33" count="0" type="stmt"/>
      </file>
      <file name="AppGenerator.vue" path="E:\_Work\Elixirator\test2\src\components\AppGenerator.vue">
        <metrics statements="1" coveredstatements="0" conditionals="0" coveredconditionals="0" methods="0" coveredmethods="0"/>
        <line num="9" count="0" type="stmt"/>
      </file>
      <file name="AppHome.vue" path="E:\_Work\Elixirator\test2\src\components\AppHome.vue">
        <metrics statements="9" coveredstatements="4" conditionals="0" coveredconditionals="0" methods="3" coveredmethods="1"/>
        <line num="26" count="1" type="stmt"/>
        <line num="27" count="1" type="stmt"/>
        <line num="28" count="1" type="stmt"/>
        <line num="33" count="1" type="stmt"/>
        <line num="70" count="0" type="stmt"/>
        <line num="71" count="0" type="stmt"/>
        <line num="72" count="0" type="stmt"/>
        <line num="75" count="0" type="stmt"/>
        <line num="76" count="0" type="stmt"/>
      </file>
      <file name="AppLoremIpsum.vue" path="E:\_Work\Elixirator\test2\src\components\AppLoremIpsum.vue">
        <metrics statements="49" coveredstatements="2" conditionals="6" coveredconditionals="0" methods="13" coveredmethods="0"/>
        <line num="37" count="1" type="stmt"/>
        <line num="38" count="1" type="stmt"/>
        <line num="53" count="0" type="stmt"/>
        <line num="59" count="0" type="stmt"/>
        <line num="63" count="0" type="stmt"/>
        <line num="64" count="0" type="stmt"/>
        <line num="71" count="0" type="stmt"/>
        <line num="73" count="0" type="stmt"/>
        <line num="78" count="0" type="stmt"/>
        <line num="82" count="0" type="stmt"/>
        <line num="86" count="0" type="stmt"/>
        <line num="87" count="0" type="stmt"/>
        <line num="88" count="0" type="stmt"/>
        <line num="90" count="0" type="stmt"/>
        <line num="91" count="0" type="stmt"/>
        <line num="93" count="0" type="stmt"/>
        <line num="98" count="0" type="stmt"/>
        <line num="103" count="0" type="stmt"/>
        <line num="106" count="0" type="stmt"/>
        <line num="108" count="0" type="stmt"/>
        <line num="110" count="0" type="stmt"/>
        <line num="113" count="0" type="stmt"/>
        <line num="114" count="0" type="stmt"/>
        <line num="115" count="0" type="stmt"/>
        <line num="116" count="0" type="stmt"/>
        <line num="117" count="0" type="stmt"/>
        <line num="120" count="0" type="stmt"/>
        <line num="121" count="0" type="stmt"/>
        <line num="122" count="0" type="stmt"/>
        <line num="123" count="0" type="stmt"/>
        <line num="124" count="0" type="stmt"/>
        <line num="128" count="0" type="stmt"/>
        <line num="129" count="0" type="stmt"/>
        <line num="130" count="0" type="stmt"/>
        <line num="134" count="0" type="stmt"/>
        <line num="135" count="0" type="cond" truecount="0" falsecount="2"/>
        <line num="137" count="0" type="stmt"/>
        <line num="138" count="0" type="stmt"/>
        <line num="139" count="0" type="cond" truecount="0" falsecount="2"/>
        <line num="141" count="0" type="stmt"/>
        <line num="145" count="0" type="cond" truecount="0" falsecount="2"/>
        <line num="146" count="0" type="stmt"/>
        <line num="147" count="0" type="stmt"/>
        <line num="150" count="0" type="stmt"/>
        <line num="151" count="0" type="stmt"/>
        <line num="152" count="0" type="stmt"/>
        <line num="153" count="0" type="stmt"/>
        <line num="157" count="0" type="stmt"/>
        <line num="161" count="0" type="stmt"/>
      </file>
      <file name="AppMount.vue" path="E:\_Work\Elixirator\test2\src\components\AppMount.vue">
        <metrics statements="51" coveredstatements="4" conditionals="6" coveredconditionals="0" methods="13" coveredmethods="2"/>
        <line num="45" count="1" type="stmt"/>
        <line num="46" count="1" type="stmt"/>
        <line num="57" count="1" type="stmt"/>
        <line num="69" count="1" type="stmt"/>
        <line num="76" count="0" type="stmt"/>
        <line num="77" count="0" type="stmt"/>
        <line num="82" count="0" type="stmt"/>
        <line num="85" count="0" type="stmt"/>
        <line num="86" count="0" type="stmt"/>
        <line num="88" count="0" type="stmt"/>
        <line num="89" count="0" type="stmt"/>
        <line num="96" count="0" type="stmt"/>
        <line num="100" count="0" type="stmt"/>
        <line num="101" count="0" type="stmt"/>
        <line num="102" count="0" type="stmt"/>
        <line num="104" count="0" type="stmt"/>
        <line num="105" count="0" type="stmt"/>
        <line num="107" count="0" type="stmt"/>
        <line num="112" count="0" type="stmt"/>
        <line num="117" count="0" type="stmt"/>
        <line num="120" count="0" type="stmt"/>
        <line num="122" count="0" type="stmt"/>
        <line num="124" count="0" type="stmt"/>
        <line num="127" count="0" type="stmt"/>
        <line num="128" count="0" type="stmt"/>
        <line num="129" count="0" type="stmt"/>
        <line num="130" count="0" type="stmt"/>
        <line num="131" count="0" type="stmt"/>
        <line num="134" count="0" type="stmt"/>
        <line num="135" count="0" type="stmt"/>
        <line num="136" count="0" type="stmt"/>
        <line num="137" count="0" type="stmt"/>
        <line num="138" count="0" type="stmt"/>
        <line num="142" count="0" type="stmt"/>
        <line num="143" count="0" type="stmt"/>
        <line num="144" count="0" type="stmt"/>
        <line num="148" count="0" type="stmt"/>
        <line num="149" count="0" type="cond" truecount="0" falsecount="2"/>
        <line num="151" count="0" type="stmt"/>
        <line num="152" count="0" type="stmt"/>
        <line num="153" count="0" type="cond" truecount="0" falsecount="2"/>
        <line num="155" count="0" type="stmt"/>
        <line num="159" count="0" type="cond" truecount="0" falsecount="2"/>
        <line num="160" count="0" type="stmt"/>
        <line num="161" count="0" type="stmt"/>
        <line num="164" count="0" type="stmt"/>
        <line num="165" count="0" type="stmt"/>
        <line num="166" count="0" type="stmt"/>
        <line num="167" count="0" type="stmt"/>
        <line num="171" count="0" type="stmt"/>
        <line num="175" count="0" type="stmt"/>
      </file>
      <file name="AppSelect.vue" path="E:\_Work\Elixirator\test2\src\components\AppSelect.vue">
        <metrics statements="84" coveredstatements="13" conditionals="46" coveredconditionals="4" methods="20" coveredmethods="5"/>
        <line num="43" count="1" type="stmt"/>
        <line num="65" count="0" type="stmt"/>
        <line num="66" count="0" type="stmt"/>
        <line num="67" count="0" type="stmt"/>
        <line num="71" count="0" type="stmt"/>
        <line num="73" count="0" type="cond" truecount="0" falsecount="2"/>
        <line num="74" count="0" type="stmt"/>
        <line num="77" count="0" type="stmt"/>
        <line num="79" count="0" type="cond" truecount="0" falsecount="2"/>
        <line num="80" count="0" type="stmt"/>
        <line num="85" count="0" type="stmt"/>
        <line num="86" count="0" type="stmt"/>
        <line num="90" count="0" type="cond" truecount="0" falsecount="2"/>
        <line num="91" count="0" type="stmt"/>
        <line num="93" count="0" type="stmt"/>
        <line num="98" count="0" type="cond" truecount="0" falsecount="5"/>
        <line num="99" count="0" type="stmt"/>
        <line num="102" count="0" type="stmt"/>
        <line num="103" count="0" type="stmt"/>
        <line num="104" count="0" type="stmt"/>
        <line num="105" count="0" type="stmt"/>
        <line num="106" count="0" type="stmt"/>
        <line num="108" count="0" type="stmt"/>
        <line num="112" count="2" type="stmt"/>
        <line num="113" count="3" type="stmt"/>
        <line num="115" count="3" type="cond" truecount="1" falsecount="1"/>
        <line num="116" count="0" type="stmt"/>
        <line num="117" count="0" type="stmt"/>
        <line num="118" count="0" type="stmt"/>
        <line num="119" count="0" type="stmt"/>
        <line num="125" count="0" type="stmt"/>
        <line num="131" count="0" type="stmt"/>
        <line num="132" count="0" type="stmt"/>
        <line num="134" count="0" type="cond" truecount="0" falsecount="2"/>
        <line num="135" count="0" type="stmt"/>
        <line num="138" count="0" type="stmt"/>
        <line num="140" count="0" type="stmt"/>
        <line num="141" count="0" type="stmt"/>
        <line num="145" count="0" type="stmt"/>
        <line num="146" count="0" type="stmt"/>
        <line num="151" count="0" type="stmt"/>
        <line num="152" count="0" type="stmt"/>
        <line num="157" count="0" type="stmt"/>
        <line num="159" count="0" type="cond" truecount="0" falsecount="2"/>
        <line num="160" count="0" type="stmt"/>
        <line num="163" count="0" type="cond" truecount="0" falsecount="4"/>
        <line num="165" count="0" type="stmt"/>
        <line num="169" count="0" type="stmt"/>
        <line num="172" count="0" type="stmt"/>
        <line num="176" count="0" type="stmt"/>
        <line num="178" count="0" type="cond" truecount="0" falsecount="2"/>
        <line num="179" count="0" type="stmt"/>
        <line num="182" count="0" type="cond" truecount="0" falsecount="4"/>
        <line num="184" count="0" type="stmt"/>
        <line num="188" count="0" type="stmt"/>
        <line num="191" count="0" type="stmt"/>
        <line num="195" count="0" type="stmt"/>
        <line num="199" count="0" type="cond" truecount="0" falsecount="2"/>
        <line num="200" count="0" type="stmt"/>
        <line num="203" count="0" type="stmt"/>
        <line num="205" count="0" type="cond" truecount="0" falsecount="2"/>
        <line num="206" count="0" type="stmt"/>
        <line num="210" count="0" type="cond" truecount="0" falsecount="2"/>
        <line num="211" count="0" type="stmt"/>
        <line num="215" count="0" type="stmt"/>
        <line num="221" count="0" type="stmt"/>
        <line num="229" count="0" type="stmt"/>
        <line num="230" count="0" type="stmt"/>
        <line num="232" count="0" type="cond" truecount="0" falsecount="2"/>
        <line num="233" count="0" type="stmt"/>
        <line num="241" count="1" type="stmt"/>
        <line num="243" count="1" type="cond" truecount="1" falsecount="1"/>
        <line num="244" count="0" type="stmt"/>
        <line num="247" count="1" type="stmt"/>
        <line num="249" count="3" type="cond" truecount="2" falsecount="2"/>
        <line num="250" count="3" type="stmt"/>
        <line num="257" count="1" type="stmt"/>
        <line num="258" count="1" type="stmt"/>
        <line num="259" count="1" type="stmt"/>
        <line num="260" count="0" type="stmt"/>
        <line num="263" count="1" type="stmt"/>
        <line num="264" count="0" type="cond" truecount="0" falsecount="2"/>
        <line num="265" count="0" type="stmt"/>
        <line num="273" count="0" type="stmt"/>
      </file>
      <file name="Card.vue" path="E:\_Work\Elixirator\test2\src\components\Card.vue">
        <metrics statements="6" coveredstatements="0" conditionals="0" coveredconditionals="0" methods="2" coveredmethods="0"/>
        <line num="22" count="0" type="stmt"/>
        <line num="23" count="0" type="stmt"/>
        <line num="24" count="0" type="stmt"/>
        <line num="27" count="0" type="stmt"/>
        <line num="28" count="0" type="stmt"/>
        <line num="29" count="0" type="stmt"/>
      </file>
    </package>
    <package name="test2.src.components.testComponents">
      <metrics statements="10" coveredstatements="0" conditionals="0" coveredconditionals="0" methods="5" coveredmethods="0"/>
      <file name="AppXhrPage.vue" path="E:\_Work\Elixirator\test2\src\components\testComponents\AppXhrPage.vue">
        <metrics statements="1" coveredstatements="0" conditionals="0" coveredconditionals="0" methods="0" coveredmethods="0"/>
        <line num="8" count="0" type="stmt"/>
      </file>
      <file name="XHR.vue" path="E:\_Work\Elixirator\test2\src\components\testComponents\XHR.vue">
        <metrics statements="9" coveredstatements="0" conditionals="0" coveredconditionals="0" methods="5" coveredmethods="0"/>
        <line num="26" count="0" type="stmt"/>
        <line num="33" count="0" type="stmt"/>
        <line num="34" count="0" type="stmt"/>
        <line num="35" count="0" type="stmt"/>
        <line num="36" count="0" type="stmt"/>
        <line num="37" count="0" type="stmt"/>
        <line num="38" count="0" type="stmt"/>
        <line num="40" count="0" type="stmt"/>
        <line num="45" count="0" type="stmt"/>
      </file>
    </package>
  </project>
</coverage>
